[debug] [2026-02-13T00:51:46.823Z] ----------------------------------------------------------------------
[debug] [2026-02-13T00:51:46.833Z] Command:       C:\Program Files\nodejs\node.exe C:\Users\Simon\AppData\Roaming\npm\node_modules\firebase-tools\lib\bin\firebase.js apphosting:secrets:set NEXT_PUBLIC_FIREBASE_API_KEY
[debug] [2026-02-13T00:51:46.833Z] CLI Version:   15.5.1
[debug] [2026-02-13T00:51:46.833Z] Platform:      win32
[debug] [2026-02-13T00:51:46.834Z] Node Version:  v22.18.0
[debug] [2026-02-13T00:51:46.835Z] Time:          Thu Feb 12 2026 19:51:46 GMT-0500 (hora estándar oriental)
[debug] [2026-02-13T00:51:46.835Z] ----------------------------------------------------------------------
[debug] 
[debug] [2026-02-13T00:51:46.840Z] >>> [apiv2][query] GET https://firebase-public.firebaseio.com/cli.json [none]
[debug] [2026-02-13T00:51:47.873Z] > command requires scopes: ["email","openid","https://www.googleapis.com/auth/cloudplatformprojects.readonly","https://www.googleapis.com/auth/firebase","https://www.googleapis.com/auth/cloud-platform"]
[debug] [2026-02-13T00:51:47.873Z] > authorizing via signed-in user (curagutierrezsimon@gmail.com)
[debug] [2026-02-13T00:51:47.875Z] > command requires scopes: ["email","openid","https://www.googleapis.com/auth/cloudplatformprojects.readonly","https://www.googleapis.com/auth/firebase","https://www.googleapis.com/auth/cloud-platform"]
[debug] [2026-02-13T00:51:47.876Z] > authorizing via signed-in user (curagutierrezsimon@gmail.com)
[debug] [2026-02-13T00:51:47.876Z] [iam] checking project punta-norte-rentals for permissions ["firebase.projects.get","secretmanager.secrets.create","secretmanager.secrets.get","secretmanager.secrets.getIamPolicy","secretmanager.secrets.setIamPolicy","secretmanager.secrets.update","secretmanager.versions.add"]
[debug] [2026-02-13T00:51:47.878Z] Checked if tokens are valid: false, expires at: 1770767712242
[debug] [2026-02-13T00:51:47.878Z] Checked if tokens are valid: false, expires at: 1770767712242
[debug] [2026-02-13T00:51:47.878Z] > refreshing access token with scopes: []
[debug] [2026-02-13T00:51:47.881Z] >>> [apiv2][query] POST https://www.googleapis.com/oauth2/v3/token [none]
[debug] [2026-02-13T00:51:47.882Z] >>> [apiv2][body] POST https://www.googleapis.com/oauth2/v3/token [omitted]
[debug] [2026-02-13T00:51:48.221Z] <<< [apiv2][status] GET https://firebase-public.firebaseio.com/cli.json 200
[debug] [2026-02-13T00:51:48.222Z] <<< [apiv2][body] GET https://firebase-public.firebaseio.com/cli.json {"cloudBuildErrorAfter":1594252800000,"cloudBuildWarnAfter":1590019200000,"defaultNode10After":1594252800000,"minVersion":"3.0.5","node8DeploysDisabledAfter":1613390400000,"node8RuntimeDisabledAfter":1615809600000,"node8WarnAfter":1600128000000}
[debug] [2026-02-13T00:51:48.352Z] <<< [apiv2][status] POST https://www.googleapis.com/oauth2/v3/token 200
[debug] [2026-02-13T00:51:48.352Z] <<< [apiv2][body] POST https://www.googleapis.com/oauth2/v3/token [omitted]
[debug] [2026-02-13T00:51:48.369Z] >>> [apiv2][query] POST https://cloudresourcemanager.googleapis.com/v1/projects/punta-norte-rentals:testIamPermissions [none]
[debug] [2026-02-13T00:51:48.369Z] >>> [apiv2][(partial)header] POST https://cloudresourcemanager.googleapis.com/v1/projects/punta-norte-rentals:testIamPermissions  x-goog-user-project=punta-norte-rentals
[debug] [2026-02-13T00:51:48.369Z] >>> [apiv2][body] POST https://cloudresourcemanager.googleapis.com/v1/projects/punta-norte-rentals:testIamPermissions {"permissions":["firebase.projects.get","secretmanager.secrets.create","secretmanager.secrets.get","secretmanager.secrets.getIamPolicy","secretmanager.secrets.setIamPolicy","secretmanager.secrets.update","secretmanager.versions.add"]}
[debug] [2026-02-13T00:51:48.961Z] <<< [apiv2][status] POST https://cloudresourcemanager.googleapis.com/v1/projects/punta-norte-rentals:testIamPermissions 200
[debug] [2026-02-13T00:51:48.961Z] <<< [apiv2][body] POST https://cloudresourcemanager.googleapis.com/v1/projects/punta-norte-rentals:testIamPermissions {"permissions":["firebase.projects.get","secretmanager.secrets.create","secretmanager.secrets.get","secretmanager.secrets.getIamPolicy","secretmanager.secrets.setIamPolicy","secretmanager.secrets.update","secretmanager.versions.add"]}
[debug] [2026-02-13T00:51:48.963Z] Checked if tokens are valid: true, expires at: 1770947507352
[debug] [2026-02-13T00:51:48.963Z] Checked if tokens are valid: true, expires at: 1770947507352
[debug] [2026-02-13T00:51:48.964Z] >>> [apiv2][query] GET https://serviceusage.googleapis.com/v1/projects/punta-norte-rentals/services/cloudresourcemanager.googleapis.com [none]
[debug] [2026-02-13T00:51:48.964Z] >>> [apiv2][(partial)header] GET https://serviceusage.googleapis.com/v1/projects/punta-norte-rentals/services/cloudresourcemanager.googleapis.com  x-goog-user-project=punta-norte-rentals
[debug] [2026-02-13T00:51:49.680Z] <<< [apiv2][status] GET https://serviceusage.googleapis.com/v1/projects/punta-norte-rentals/services/cloudresourcemanager.googleapis.com 200
[debug] [2026-02-13T00:51:49.680Z] <<< [apiv2][body] GET https://serviceusage.googleapis.com/v1/projects/punta-norte-rentals/services/cloudresourcemanager.googleapis.com [omitted]
[debug] [2026-02-13T00:51:49.689Z] Checked if tokens are valid: true, expires at: 1770947507352
[debug] [2026-02-13T00:51:49.689Z] Checked if tokens are valid: true, expires at: 1770947507352
[debug] [2026-02-13T00:51:49.690Z] >>> [apiv2][query] GET https://cloudresourcemanager.googleapis.com/v1/projects/punta-norte-rentals [none]
[debug] [2026-02-13T00:51:49.849Z] <<< [apiv2][status] GET https://cloudresourcemanager.googleapis.com/v1/projects/punta-norte-rentals 200
[debug] [2026-02-13T00:51:49.849Z] <<< [apiv2][body] GET https://cloudresourcemanager.googleapis.com/v1/projects/punta-norte-rentals {"projectNumber":"23435543582","projectId":"punta-norte-rentals","lifecycleState":"ACTIVE","name":"Punta Norte Rentals","labels":{"firebase":"enabled","firebase-core":"disabled"},"createTime":"2025-08-22T05:24:43.155527Z"}
[debug] [2026-02-13T00:51:49.850Z] Checked if tokens are valid: true, expires at: 1770947507352
[debug] [2026-02-13T00:51:49.850Z] Checked if tokens are valid: true, expires at: 1770947507352
[debug] [2026-02-13T00:51:49.850Z] >>> [apiv2][query] GET https://secretmanager.googleapis.com/v1/projects/punta-norte-rentals/secrets/NEXT_PUBLIC_FIREBASE_API_KEY [none]
[debug] [2026-02-13T00:51:50.396Z] <<< [apiv2][status] GET https://secretmanager.googleapis.com/v1/projects/punta-norte-rentals/secrets/NEXT_PUBLIC_FIREBASE_API_KEY 404
[debug] [2026-02-13T00:51:50.396Z] <<< [apiv2][body] GET https://secretmanager.googleapis.com/v1/projects/punta-norte-rentals/secrets/NEXT_PUBLIC_FIREBASE_API_KEY {"error":{"code":404,"message":"Secret [projects/23435543582/secrets/NEXT_PUBLIC_FIREBASE_API_KEY] not found.","status":"NOT_FOUND"}}
[debug] [2026-02-13T00:51:50.400Z] Checked if tokens are valid: true, expires at: 1770947507352
[debug] [2026-02-13T00:51:50.400Z] Checked if tokens are valid: true, expires at: 1770947507352
[debug] [2026-02-13T00:51:50.401Z] >>> [apiv2][query] POST https://secretmanager.googleapis.com/v1/projects/punta-norte-rentals/secrets secretId=NEXT_PUBLIC_FIREBASE_API_KEY
[debug] [2026-02-13T00:51:50.402Z] >>> [apiv2][body] POST https://secretmanager.googleapis.com/v1/projects/punta-norte-rentals/secrets {"name":"NEXT_PUBLIC_FIREBASE_API_KEY","replication":{"automatic":{}},"labels":{"firebase-managed":"apphosting"}}
[debug] [2026-02-13T00:51:50.987Z] <<< [apiv2][status] POST https://secretmanager.googleapis.com/v1/projects/punta-norte-rentals/secrets 200
[debug] [2026-02-13T00:51:50.988Z] <<< [apiv2][body] POST https://secretmanager.googleapis.com/v1/projects/punta-norte-rentals/secrets {"name":"projects/23435543582/secrets/NEXT_PUBLIC_FIREBASE_API_KEY","replication":{"automatic":{}},"createTime":"2026-02-13T00:51:50.810814Z","labels":{"firebase-managed":"apphosting"},"etag":"\"164aaa02beaa74\""}
[info] +  Created new secret projects/punta-norte-rentals/secrets/NEXT_PUBLIC_FIREBASE_API_KEY 
[debug] [2026-02-13T00:54:18.811Z] ExitPromptError: User force closed the prompt with SIGINT
    at Interface.sigint (C:\Users\Simon\AppData\Roaming\npm\node_modules\firebase-tools\node_modules\@inquirer\core\dist\commonjs\lib\create-prompt.js:101:37)
    at Interface.emit (node:events:518:28)
    at [_ttyWrite] [as _ttyWrite] (node:internal/readline/interface:1132:18)
    at ReadStream.onkeypress (node:internal/readline/interface:271:20)
    at ReadStream.emit (node:events:530:35)
    at emitKeys (node:internal/readline/utils:370:14)
    at emitKeys.next (<anonymous>)
    at ReadStream.onData (node:internal/readline/emitKeypressEvents:64:36)
    at ReadStream.emit (node:events:518:28)
    at addChunk (node:internal/streams/readable:561:12)
[error] 
[error] Error: An unexpected error has occurred.
